2026/07/21 01:25:06 WARNING dspy.clients.lm: LM response was truncated due to exceeding max_tokens=40. You can inspect the latest LM interactions with `dspy.inspect_history()`. To avoid truncation, consider passing a larger max_tokens when setting up dspy.LM. You may also consider increasing the temperature (currently 0.0)  if the reason for truncation is repetition.
2026/07/21 01:25:46 WARNING dspy.clients.lm: LM response was truncated due to exceeding max_tokens=40. You can inspect the latest LM interactions with `dspy.inspect_history()`. To avoid truncation, consider passing a larger max_tokens when setting up dspy.LM. You may also consider increasing the temperature (currently 0.0)  if the reason for truncation is repetition.
2026/07/21 01:26:26 WARNING dspy.clients.lm: LM response was truncated due to exceeding max_tokens=40. You can inspect the latest LM interactions with `dspy.inspect_history()`. To avoid truncation, consider passing a larger max_tokens when setting up dspy.LM. You may also consider increasing the temperature (currently 0.0)  if the reason for truncation is repetition.
2026/07/21 01:27:16 WARNING dspy.clients.lm: LM response was truncated due to exceeding max_tokens=40. You can inspect the latest LM interactions with `dspy.inspect_history()`. To avoid truncation, consider passing a larger max_tokens when setting up dspy.LM. You may also consider increasing the temperature (currently 0.0)  if the reason for truncation is repetition.
2026/07/21 01:27:32 WARNING dspy.clients.lm: LM response was truncated due to exceeding max_tokens=40. You can inspect the latest LM interactions with `dspy.inspect_history()`. To avoid truncation, consider passing a larger max_tokens when setting up dspy.LM. You may also consider increasing the temperature (currently 0.0)  if the reason for truncation is repetition.
2026/07/21 01:28:09 WARNING dspy.clients.lm: LM response was truncated due to exceeding max_tokens=40. You can inspect the latest LM interactions with `dspy.inspect_history()`. To avoid truncation, consider passing a larger max_tokens when setting up dspy.LM. You may also consider increasing the temperature (currently 0.0)  if the reason for truncation is repetition.
2026/07/21 01:29:01 WARNING dspy.clients.lm: LM response was truncated due to exceeding max_tokens=40. You can inspect the latest LM interactions with `dspy.inspect_history()`. To avoid truncation, consider passing a larger max_tokens when setting up dspy.LM. You may also consider increasing the temperature (currently 0.0)  if the reason for truncation is repetition.
2026/07/21 01:29:17 WARNING dspy.clients.lm: LM response was truncated due to exceeding max_tokens=40. You can inspect the latest LM interactions with `dspy.inspect_history()`. To avoid truncation, consider passing a larger max_tokens when setting up dspy.LM. You may also consider increasing the temperature (currently 0.0)  if the reason for truncation is repetition.
2026/07/21 01:30:00 WARNING dspy.clients.lm: LM response was truncated due to exceeding max_tokens=40. You can inspect the latest LM interactions with `dspy.inspect_history()`. To avoid truncation, consider passing a larger max_tokens when setting up dspy.LM. You may also consider increasing the temperature (currently 0.0)  if the reason for truncation is repetition.
2026/07/21 01:31:00 WARNING dspy.clients.lm: LM response was truncated due to exceeding max_tokens=40. You can inspect the latest LM interactions with `dspy.inspect_history()`. To avoid truncation, consider passing a larger max_tokens when setting up dspy.LM. You may also consider increasing the temperature (currently 0.0)  if the reason for truncation is repetition.
2026/07/21 01:31:16 WARNING dspy.clients.lm: LM response was truncated due to exceeding max_tokens=40. You can inspect the latest LM interactions with `dspy.inspect_history()`. To avoid truncation, consider passing a larger max_tokens when setting up dspy.LM. You may also consider increasing the temperature (currently 0.0)  if the reason for truncation is repetition.
2026/07/21 01:31:55 WARNING dspy.clients.lm: LM response was truncated due to exceeding max_tokens=40. You can inspect the latest LM interactions with `dspy.inspect_history()`. To avoid truncation, consider passing a larger max_tokens when setting up dspy.LM. You may also consider increasing the temperature (currently 0.0)  if the reason for truncation is repetition.
2026/07/21 01:32:48 WARNING dspy.clients.lm: LM response was truncated due to exceeding max_tokens=40. You can inspect the latest LM interactions with `dspy.inspect_history()`. To avoid truncation, consider passing a larger max_tokens when setting up dspy.LM. You may also consider increasing the temperature (currently 0.0)  if the reason for truncation is repetition.
2026/07/21 01:33:05 WARNING dspy.clients.lm: LM response was truncated due to exceeding max_tokens=40. You can inspect the latest LM interactions with `dspy.inspect_history()`. To avoid truncation, consider passing a larger max_tokens when setting up dspy.LM. You may also consider increasing the temperature (currently 0.0)  if the reason for truncation is repetition.
2026/07/21 01:33:34 WARNING dspy.clients.lm: LM response was truncated due to exceeding max_tokens=40. You can inspect the latest LM interactions with `dspy.inspect_history()`. To avoid truncation, consider passing a larger max_tokens when setting up dspy.LM. You may also consider increasing the temperature (currently 0.0)  if the reason for truncation is repetition.
2026/07/21 01:36:06 WARNING dspy.clients.lm: LM response was truncated due to exceeding max_tokens=40. You can inspect the latest LM interactions with `dspy.inspect_history()`. To avoid truncation, consider passing a larger max_tokens when setting up dspy.LM. You may also consider increasing the temperature (currently 0.0)  if the reason for truncation is repetition.
2026/07/21 01:38:46 WARNING dspy.clients.lm: LM response was truncated due to exceeding max_tokens=40. You can inspect the latest LM interactions with `dspy.inspect_history()`. To avoid truncation, consider passing a larger max_tokens when setting up dspy.LM. You may also consider increasing the temperature (currently 0.0)  if the reason for truncation is repetition.
2026/07/21 01:40:33 WARNING dspy.clients.lm: LM response was truncated due to exceeding max_tokens=40. You can inspect the latest LM interactions with `dspy.inspect_history()`. To avoid truncation, consider passing a larger max_tokens when setting up dspy.LM. You may also consider increasing the temperature (currently 0.0)  if the reason for truncation is repetition.
2026/07/21 01:42:05 WARNING dspy.clients.lm: LM response was truncated due to exceeding max_tokens=40. You can inspect the latest LM interactions with `dspy.inspect_history()`. To avoid truncation, consider passing a larger max_tokens when setting up dspy.LM. You may also consider increasing the temperature (currently 0.0)  if the reason for truncation is repetition.
2026/07/21 01:43:29 WARNING dspy.clients.lm: LM response was truncated due to exceeding max_tokens=40. You can inspect the latest LM interactions with `dspy.inspect_history()`. To avoid truncation, consider passing a larger max_tokens when setting up dspy.LM. You may also consider increasing the temperature (currently 0.0)  if the reason for truncation is repetition.
[done] frozen_clinc150_f1_s20.json: seed: 0.980 | x1: 0.987 | x2: 0.987 ($0.14)
[done] frozen_clinc150_f1_s21.json: seed: 0.980 | x1: 0.987 | x2: 0.987 ($0.15)
[done] frozen_clinc150_f1_s22.json: seed: 0.980 | x1: 0.990 | x2: 0.980 ($0.14)
[done] frozen_clinc150_f1_s23.json: seed: 0.980 | x1: 0.987 | x2: 0.987 ($0.15)
[done] frozen_clinc150_f1_s24.json: seed: 0.980 | x1: 0.983 | x2: 0.990 ($0.14)
[done] frozen_clinc150_f2_s20.json: seed: 0.980 | x1: 0.983 | x2: 0.980 ($0.41)
[done] frozen_clinc150_f2_s21.json: seed: 0.980 | x1: 0.983 | x2: 0.983 ($0.29)
[done] frozen_clinc150_f2_s22.json: seed: 0.980 | x1: 0.987 | x2: 0.987 ($0.34)
[done] frozen_clinc150_f2_s23.json: seed: 0.980 | x1: 0.980 | x2: 0.980 ($0.34)
[done] frozen_clinc150_f2_s24.json: seed: 0.980 | x1: 0.983 | x2: 0.980 ($0.18)
[done] gepa_clinc150_f2_s20.json: 0.980
[done] gepa_clinc150_f2_s21.json: 0.980
[done] gepa_clinc150_f2_s22.json: 0.980
[done] gepa_clinc150_f2_s23.json: 0.980
[done] gepa_clinc150_f2_s24.json: 0.980
2026/07/21 02:39:37 WARNING dspy.clients.lm: LM response was truncated due to exceeding max_tokens=40. You can inspect the latest LM interactions with `dspy.inspect_history()`. To avoid truncation, consider passing a larger max_tokens when setting up dspy.LM. You may also consider increasing the temperature (currently 0.0)  if the reason for truncation is repetition.
[done] frozen_massive_f1_s20.json: seed: 0.840 | x1: 0.860 | x2: 0.860 ($0.18)
[done] frozen_massive_f1_s21.json: seed: 0.840 | x1: 0.867 | x2: 0.887 ($0.22)
[done] frozen_massive_f1_s22.json: seed: 0.840 | x1: 0.867 | x2: 0.880 ($0.19)
[done] frozen_massive_f1_s23.json: seed: 0.840 | x1: 0.827 | x2: 0.843 ($0.26)
[done] frozen_massive_f1_s24.json: seed: 0.840 | x1: 0.857 | x2: 0.863 ($0.27)
[done] frozen_massive_f2_s20.json: seed: 0.833 | x1: 0.850 | x2: 0.867 ($0.50)
[done] frozen_massive_f2_s21.json: seed: 0.833 | x1: 0.840 | x2: 0.833 ($0.49)
[done] frozen_massive_f2_s22.json: seed: 0.833 | x1: 0.860 | x2: 0.870 ($0.54)
[done] frozen_massive_f2_s23.json: seed: 0.833 | x1: 0.843 | x2: 0.857 ($0.45)
[done] frozen_massive_f2_s24.json: seed: 0.833 | x1: 0.853 | x2: 0.880 ($0.50)
[done] gepa_massive_f2_s20.json: 0.873
[done] gepa_massive_f2_s21.json: 0.873
[done] gepa_massive_f2_s22.json: 0.867
[done] gepa_massive_f2_s23.json: 0.870
[done] gepa_massive_f2_s24.json: 0.853
